21-Oct-2015 00:08:46.429 INFO [http-apr-8080-exec-9] org.apache.catalina.core.ApplicationContext.log Manager: list: Listing contexts for virtual host 'localhost'
21-Oct-2015 00:08:46.445 INFO [http-apr-8080-exec-10] org.apache.catalina.core.ApplicationContext.log Manager: list: Listing contexts for virtual host 'localhost'
21-Oct-2015 00:08:46.476 INFO [http-apr-8080-exec-1] org.apache.catalina.core.ApplicationContext.log Manager: restart: Reloading web application '/WebHClinic'
21-Oct-2015 00:09:50.001 INFO [http-apr-8080-exec-8] org.apache.catalina.core.ApplicationContext.log Manager: init: Associated with Deployer 'Catalina:type=Deployer,host=localhost'
21-Oct-2015 00:09:50.001 INFO [http-apr-8080-exec-8] org.apache.catalina.core.ApplicationContext.log Manager: init: Global resources are available
21-Oct-2015 00:09:50.001 INFO [http-apr-8080-exec-8] org.apache.catalina.core.ApplicationContext.log Manager: list: Listing contexts for virtual host 'localhost'
21-Oct-2015 00:09:50.017 INFO [http-apr-8080-exec-10] org.apache.catalina.core.ApplicationContext.log Manager: list: Listing contexts for virtual host 'localhost'
21-Oct-2015 00:09:50.032 INFO [http-apr-8080-exec-9] org.apache.catalina.core.ApplicationContext.log Manager: undeploy: Undeploying web application at '/WebHClinic'
21-Oct-2015 00:09:50.611 INFO [http-apr-8080-exec-1] org.apache.catalina.core.ApplicationContext.log Manager: install: Installing context configuration at 'file:/C:/Users/Owner/AppData/Local/Temp/context1045805808975053504.xml'
21-Oct-2015 00:09:50.979 INFO [http-apr-8080-exec-7] org.apache.catalina.core.ApplicationContext.log Manager: start: Starting web application '/WebHClinic'
21-Oct-2015 00:13:04.062 INFO [http-apr-8080-exec-1] org.apache.catalina.core.ApplicationContext.log Manager: list: Listing contexts for virtual host 'localhost'
21-Oct-2015 00:13:04.078 INFO [http-apr-8080-exec-11] org.apache.catalina.core.ApplicationContext.log Manager: list: Listing contexts for virtual host 'localhost'
21-Oct-2015 00:17:41.241 INFO [http-apr-8080-exec-17] org.apache.catalina.core.ApplicationContext.log Manager: list: Listing contexts for virtual host 'localhost'
21-Oct-2015 00:17:41.241 INFO [http-apr-8080-exec-19] org.apache.catalina.core.ApplicationContext.log Manager: list: Listing contexts for virtual host 'localhost'
21-Oct-2015 00:17:41.272 INFO [http-apr-8080-exec-18] org.apache.catalina.core.ApplicationContext.log Manager: restart: Reloading web application '/WebHClinic'
21-Oct-2015 00:28:14.671 INFO [http-apr-8080-exec-30] org.apache.catalina.core.ApplicationContext.log Manager: list: Listing contexts for virtual host 'localhost'
21-Oct-2015 00:28:14.686 INFO [http-apr-8080-exec-21] org.apache.catalina.core.ApplicationContext.log Manager: list: Listing contexts for virtual host 'localhost'
21-Oct-2015 00:28:14.717 INFO [http-apr-8080-exec-22] org.apache.catalina.core.ApplicationContext.log Manager: restart: Reloading web application '/WebHClinic'
21-Oct-2015 01:00:27.821 INFO [http-apr-8080-exec-40] org.apache.catalina.core.ApplicationContext.log Manager: list: Listing contexts for virtual host 'localhost'
21-Oct-2015 01:00:27.837 INFO [http-apr-8080-exec-31] org.apache.catalina.core.ApplicationContext.log Manager: list: Listing contexts for virtual host 'localhost'
21-Oct-2015 01:00:27.868 INFO [http-apr-8080-exec-33] org.apache.catalina.core.ApplicationContext.log Manager: restart: Reloading web application '/WebHClinic'
21-Oct-2015 01:09:36.258 INFO [http-apr-8080-exec-10] org.apache.catalina.core.ApplicationContext.log Manager: init: Associated with Deployer 'Catalina:type=Deployer,host=localhost'
21-Oct-2015 01:09:36.258 INFO [http-apr-8080-exec-10] org.apache.catalina.core.ApplicationContext.log Manager: init: Global resources are available
21-Oct-2015 01:09:36.258 INFO [http-apr-8080-exec-10] org.apache.catalina.core.ApplicationContext.log Manager: list: Listing contexts for virtual host 'localhost'
21-Oct-2015 01:09:36.258 INFO [http-apr-8080-exec-1] org.apache.catalina.core.ApplicationContext.log Manager: list: Listing contexts for virtual host 'localhost'
21-Oct-2015 01:09:36.305 INFO [http-apr-8080-exec-3] org.apache.catalina.core.ApplicationContext.log Manager: restart: Reloading web application '/WebHClinic'
21-Oct-2015 01:12:00.804 INFO [http-apr-8080-exec-20] org.apache.catalina.core.ApplicationContext.log Manager: list: Listing contexts for virtual host 'localhost'
21-Oct-2015 01:12:00.804 INFO [http-apr-8080-exec-13] org.apache.catalina.core.ApplicationContext.log Manager: list: Listing contexts for virtual host 'localhost'
21-Oct-2015 01:12:00.835 INFO [http-apr-8080-exec-14] org.apache.catalina.core.ApplicationContext.log Manager: restart: Reloading web application '/WebHClinic'
21-Oct-2015 01:18:34.132 INFO [http-apr-8080-exec-30] org.apache.catalina.core.ApplicationContext.log Manager: list: Listing contexts for virtual host 'localhost'
21-Oct-2015 01:18:34.148 INFO [http-apr-8080-exec-21] org.apache.catalina.core.ApplicationContext.log Manager: list: Listing contexts for virtual host 'localhost'
21-Oct-2015 01:18:34.179 INFO [http-apr-8080-exec-22] org.apache.catalina.core.ApplicationContext.log Manager: restart: Reloading web application '/WebHClinic'
21-Oct-2015 01:24:02.735 INFO [http-apr-8080-exec-40] org.apache.catalina.core.ApplicationContext.log Manager: list: Listing contexts for virtual host 'localhost'
21-Oct-2015 01:24:02.735 INFO [http-apr-8080-exec-31] org.apache.catalina.core.ApplicationContext.log Manager: list: Listing contexts for virtual host 'localhost'
21-Oct-2015 01:24:02.766 INFO [http-apr-8080-exec-32] org.apache.catalina.core.ApplicationContext.log Manager: restart: Reloading web application '/WebHClinic'
21-Oct-2015 01:38:47.483 INFO [http-apr-8080-exec-50] org.apache.catalina.core.ApplicationContext.log Manager: list: Listing contexts for virtual host 'localhost'
21-Oct-2015 01:38:47.499 INFO [http-apr-8080-exec-41] org.apache.catalina.core.ApplicationContext.log Manager: list: Listing contexts for virtual host 'localhost'
21-Oct-2015 01:38:47.514 INFO [http-apr-8080-exec-42] org.apache.catalina.core.ApplicationContext.log Manager: restart: Reloading web application '/WebHClinic'
21-Oct-2015 01:43:42.670 INFO [http-apr-8080-exec-60] org.apache.catalina.core.ApplicationContext.log Manager: list: Listing contexts for virtual host 'localhost'
21-Oct-2015 01:43:42.670 INFO [http-apr-8080-exec-51] org.apache.catalina.core.ApplicationContext.log Manager: list: Listing contexts for virtual host 'localhost'
21-Oct-2015 01:53:24.708 INFO [http-apr-8080-exec-57] org.apache.catalina.core.ApplicationContext.log Manager: list: Listing contexts for virtual host 'localhost'
21-Oct-2015 01:53:24.714 INFO [http-apr-8080-exec-58] org.apache.catalina.core.ApplicationContext.log Manager: list: Listing contexts for virtual host 'localhost'
21-Oct-2015 01:53:55.704 INFO [http-apr-8080-exec-54] org.apache.catalina.core.ApplicationContext.log Manager: list: Listing contexts for virtual host 'localhost'
21-Oct-2015 01:53:55.714 INFO [http-apr-8080-exec-55] org.apache.catalina.core.ApplicationContext.log Manager: list: Listing contexts for virtual host 'localhost'
21-Oct-2015 02:00:46.303 INFO [http-apr-8080-exec-55] org.apache.catalina.core.ApplicationContext.log Manager: list: Listing contexts for virtual host 'localhost'
21-Oct-2015 02:00:46.303 INFO [http-apr-8080-exec-56] org.apache.catalina.core.ApplicationContext.log Manager: list: Listing contexts for virtual host 'localhost'
21-Oct-2015 02:01:51.112 INFO [http-apr-8080-exec-56] org.apache.catalina.core.ApplicationContext.log Manager: list: Listing contexts for virtual host 'localhost'
21-Oct-2015 02:01:51.120 INFO [http-apr-8080-exec-57] org.apache.catalina.core.ApplicationContext.log Manager: list: Listing contexts for virtual host 'localhost'
21-Oct-2015 02:14:08.333 INFO [http-apr-8080-exec-51] org.apache.catalina.core.ApplicationContext.log Manager: list: Listing contexts for virtual host 'localhost'
21-Oct-2015 02:14:08.349 INFO [http-apr-8080-exec-52] org.apache.catalina.core.ApplicationContext.log Manager: list: Listing contexts for virtual host 'localhost'
21-Oct-2015 02:14:08.396 INFO [http-apr-8080-exec-53] org.apache.catalina.core.ApplicationContext.log Manager: restart: Reloading web application '/WebHClinic'
21-Oct-2015 02:19:01.811 INFO [http-apr-8080-exec-69] org.apache.catalina.core.ApplicationContext.log Manager: list: Listing contexts for virtual host 'localhost'
21-Oct-2015 02:19:01.811 INFO [http-apr-8080-exec-61] org.apache.catalina.core.ApplicationContext.log Manager: list: Listing contexts for virtual host 'localhost'
21-Oct-2015 02:19:01.873 INFO [http-apr-8080-exec-62] org.apache.catalina.core.ApplicationContext.log Manager: restart: Reloading web application '/WebHClinic'
21-Oct-2015 02:19:18.366 INFO [http-apr-8080-exec-67] org.apache.catalina.core.ApplicationContext.log Manager: list: Listing contexts for virtual host 'localhost'
21-Oct-2015 02:19:18.381 INFO [http-apr-8080-exec-72] org.apache.catalina.core.ApplicationContext.log Manager: list: Listing contexts for virtual host 'localhost'
21-Oct-2015 02:19:31.669 INFO [http-apr-8080-exec-71] org.apache.catalina.core.ApplicationContext.log Manager: list: Listing contexts for virtual host 'localhost'
21-Oct-2015 02:19:31.684 INFO [http-apr-8080-exec-74] org.apache.catalina.core.ApplicationContext.log Manager: list: Listing contexts for virtual host 'localhost'
21-Oct-2015 02:19:43.651 INFO [http-apr-8080-exec-72] org.apache.catalina.core.ApplicationContext.log Manager: list: Listing contexts for virtual host 'localhost'
21-Oct-2015 02:19:43.667 INFO [http-apr-8080-exec-76] org.apache.catalina.core.ApplicationContext.log Manager: list: Listing contexts for virtual host 'localhost'
21-Oct-2015 02:21:43.295 INFO [http-apr-8080-exec-74] org.apache.catalina.core.ApplicationContext.log Manager: list: Listing contexts for virtual host 'localhost'
21-Oct-2015 02:21:43.311 INFO [http-apr-8080-exec-78] org.apache.catalina.core.ApplicationContext.log Manager: list: Listing contexts for virtual host 'localhost'
21-Oct-2015 02:23:37.123 INFO [http-apr-8080-exec-72] org.apache.catalina.core.ApplicationContext.log Manager: list: Listing contexts for virtual host 'localhost'
21-Oct-2015 02:23:37.130 INFO [http-apr-8080-exec-73] org.apache.catalina.core.ApplicationContext.log Manager: list: Listing contexts for virtual host 'localhost'
21-Oct-2015 02:24:00.212 INFO [http-apr-8080-exec-79] org.apache.catalina.core.ApplicationContext.log Manager: list: Listing contexts for virtual host 'localhost'
21-Oct-2015 02:24:00.219 INFO [http-apr-8080-exec-80] org.apache.catalina.core.ApplicationContext.log Manager: list: Listing contexts for virtual host 'localhost'
21-Oct-2015 02:24:16.606 INFO [http-apr-8080-exec-76] org.apache.catalina.core.ApplicationContext.log Manager: list: Listing contexts for virtual host 'localhost'
21-Oct-2015 02:24:16.612 INFO [http-apr-8080-exec-77] org.apache.catalina.core.ApplicationContext.log Manager: list: Listing contexts for virtual host 'localhost'
21-Oct-2015 02:27:42.740 INFO [http-apr-8080-exec-71] org.apache.catalina.core.ApplicationContext.log Manager: list: Listing contexts for virtual host 'localhost'
21-Oct-2015 02:27:42.740 INFO [http-apr-8080-exec-75] org.apache.catalina.core.ApplicationContext.log Manager: list: Listing contexts for virtual host 'localhost'
21-Oct-2015 02:31:52.078 INFO [http-apr-8080-exec-78] org.apache.catalina.core.ApplicationContext.log Manager: list: Listing contexts for virtual host 'localhost'
21-Oct-2015 02:31:52.094 INFO [http-apr-8080-exec-79] org.apache.catalina.core.ApplicationContext.log Manager: list: Listing contexts for virtual host 'localhost'
21-Oct-2015 02:32:15.189 INFO [http-apr-8080-exec-73] org.apache.catalina.core.ApplicationContext.log Manager: list: Listing contexts for virtual host 'localhost'
21-Oct-2015 02:32:15.205 INFO [http-apr-8080-exec-76] org.apache.catalina.core.ApplicationContext.log Manager: list: Listing contexts for virtual host 'localhost'
21-Oct-2015 02:40:59.553 INFO [http-apr-8080-exec-80] org.apache.catalina.core.ApplicationContext.log Manager: list: Listing contexts for virtual host 'localhost'
21-Oct-2015 02:40:59.569 INFO [http-apr-8080-exec-71] org.apache.catalina.core.ApplicationContext.log Manager: list: Listing contexts for virtual host 'localhost'
21-Oct-2015 02:40:59.631 INFO [http-apr-8080-exec-78] org.apache.catalina.core.ApplicationContext.log Manager: restart: Reloading web application '/WebHClinic'
21-Oct-2015 02:42:12.323 INFO [http-apr-8080-exec-80] org.apache.catalina.core.ApplicationContext.log Manager: list: Listing contexts for virtual host 'localhost'
21-Oct-2015 02:42:12.339 INFO [http-apr-8080-exec-82] org.apache.catalina.core.ApplicationContext.log Manager: list: Listing contexts for virtual host 'localhost'
