20-Oct-2015 01:24:52.348 INFO [http-apr-8080-exec-2] org.apache.catalina.core.ApplicationContext.log Manager: init: Associated with Deployer 'Catalina:type=Deployer,host=localhost'
20-Oct-2015 01:24:52.348 INFO [http-apr-8080-exec-2] org.apache.catalina.core.ApplicationContext.log Manager: init: Global resources are available
20-Oct-2015 01:24:52.348 INFO [http-apr-8080-exec-2] org.apache.catalina.core.ApplicationContext.log Manager: list: Listing contexts for virtual host 'localhost'
20-Oct-2015 01:24:52.364 INFO [http-apr-8080-exec-3] org.apache.catalina.core.ApplicationContext.log Manager: list: Listing contexts for virtual host 'localhost'
20-Oct-2015 01:24:52.395 INFO [http-apr-8080-exec-4] org.apache.catalina.core.ApplicationContext.log Manager: install: Installing context configuration at 'file:/C:/Users/Owner/AppData/Local/Temp/context8041156030958103023.xml'
20-Oct-2015 01:24:53.020 INFO [http-apr-8080-exec-5] org.apache.catalina.core.ApplicationContext.log Manager: start: Starting web application '/WebHClinic'
20-Oct-2015 01:28:28.162 INFO [http-apr-8080-exec-2] org.apache.catalina.core.ApplicationContext.log Manager: list: Listing contexts for virtual host 'localhost'
20-Oct-2015 01:28:31.772 INFO [http-apr-8080-exec-3] org.apache.catalina.core.ApplicationContext.log Manager: list: Listing contexts for virtual host 'localhost'
20-Oct-2015 01:28:31.787 INFO [http-apr-8080-exec-4] org.apache.catalina.core.ApplicationContext.log Manager: list: Listing contexts for virtual host 'localhost'
20-Oct-2015 01:29:34.741 INFO [http-apr-8080-exec-7] org.apache.catalina.core.ApplicationContext.log Manager: list: Listing contexts for virtual host 'localhost'
20-Oct-2015 01:37:49.465 INFO [http-apr-8080-exec-7] org.apache.catalina.core.ApplicationContext.log Manager: list: Listing contexts for virtual host 'localhost'
20-Oct-2015 01:37:53.848 INFO [http-apr-8080-exec-8] org.apache.catalina.core.ApplicationContext.log Manager: list: Listing contexts for virtual host 'localhost'
20-Oct-2015 01:37:53.863 INFO [http-apr-8080-exec-9] org.apache.catalina.core.ApplicationContext.log Manager: list: Listing contexts for virtual host 'localhost'
20-Oct-2015 01:38:50.521 INFO [http-apr-8080-exec-2] org.apache.catalina.core.ApplicationContext.log Manager: list: Listing contexts for virtual host 'localhost'
20-Oct-2015 01:38:57.718 INFO [http-apr-8080-exec-5] org.apache.catalina.core.ApplicationContext.log Manager: list: Listing contexts for virtual host 'localhost'
20-Oct-2015 01:38:57.718 INFO [http-apr-8080-exec-3] org.apache.catalina.core.ApplicationContext.log Manager: list: Listing contexts for virtual host 'localhost'
20-Oct-2015 01:40:57.280 INFO [http-apr-8080-exec-10] org.apache.catalina.core.ApplicationContext.log Manager: list: Listing contexts for virtual host 'localhost'
20-Oct-2015 01:41:06.380 INFO [http-apr-8080-exec-10] org.apache.catalina.core.ApplicationContext.log Manager: list: Listing contexts for virtual host 'localhost'
20-Oct-2015 01:42:12.503 INFO [http-apr-8080-exec-10] org.apache.catalina.core.ApplicationContext.log Manager: list: Listing contexts for virtual host 'localhost'
20-Oct-2015 01:42:17.370 INFO [http-apr-8080-exec-1] org.apache.catalina.core.ApplicationContext.log Manager: list: Listing contexts for virtual host 'localhost'
20-Oct-2015 01:42:17.370 INFO [http-apr-8080-exec-2] org.apache.catalina.core.ApplicationContext.log Manager: list: Listing contexts for virtual host 'localhost'
20-Oct-2015 01:44:40.550 INFO [http-apr-8080-exec-3] org.apache.catalina.core.ApplicationContext.log Manager: list: Listing contexts for virtual host 'localhost'
20-Oct-2015 01:45:03.898 INFO [http-apr-8080-exec-3] org.apache.catalina.core.ApplicationContext.log Manager: list: Listing contexts for virtual host 'localhost'
20-Oct-2015 01:45:22.399 INFO [http-apr-8080-exec-8] org.apache.catalina.core.ApplicationContext.log Manager: list: Listing contexts for virtual host 'localhost'
20-Oct-2015 01:45:32.962 INFO [http-apr-8080-exec-10] org.apache.catalina.core.ApplicationContext.log Manager: list: Listing contexts for virtual host 'localhost'
20-Oct-2015 01:45:39.942 INFO [http-apr-8080-exec-1] org.apache.catalina.core.ApplicationContext.log Manager: list: Listing contexts for virtual host 'localhost'
20-Oct-2015 01:45:52.499 INFO [http-apr-8080-exec-5] org.apache.catalina.core.ApplicationContext.log Manager: list: Listing contexts for virtual host 'localhost'
20-Oct-2015 01:46:15.121 INFO [http-apr-8080-exec-6] org.apache.catalina.core.ApplicationContext.log Manager: list: Listing contexts for virtual host 'localhost'
20-Oct-2015 01:47:03.785 INFO [http-apr-8080-exec-9] org.apache.catalina.core.ApplicationContext.log Manager: list: Listing contexts for virtual host 'localhost'
20-Oct-2015 01:47:12.762 INFO [http-apr-8080-exec-1] org.apache.catalina.core.ApplicationContext.log Manager: list: Listing contexts for virtual host 'localhost'
20-Oct-2015 01:47:52.590 INFO [http-apr-8080-exec-6] org.apache.catalina.core.ApplicationContext.log Manager: list: Listing contexts for virtual host 'localhost'
20-Oct-2015 01:47:52.605 INFO [http-apr-8080-exec-7] org.apache.catalina.core.ApplicationContext.log Manager: restart: Reloading web application '/WebHClinic'
20-Oct-2015 01:48:07.348 INFO [http-apr-8080-exec-8] org.apache.catalina.core.ApplicationContext.log Manager: list: Listing contexts for virtual host 'localhost'
20-Oct-2015 01:50:20.697 INFO [http-apr-8080-exec-2] org.apache.catalina.core.ApplicationContext.log Manager: list: Listing contexts for virtual host 'localhost'
20-Oct-2015 01:50:20.712 INFO [http-apr-8080-exec-3] org.apache.catalina.core.ApplicationContext.log Manager: restart: Reloading web application '/WebHClinic'
20-Oct-2015 01:50:43.578 INFO [http-apr-8080-exec-3] org.apache.catalina.core.ApplicationContext.log Manager: list: Listing contexts for virtual host 'localhost'
20-Oct-2015 01:50:43.609 INFO [http-apr-8080-exec-1] org.apache.catalina.core.ApplicationContext.log Manager: restart: Reloading web application '/WebHClinic'
20-Oct-2015 01:50:47.264 INFO [http-apr-8080-exec-11] org.apache.catalina.core.ApplicationContext.log Manager: list: Listing contexts for virtual host 'localhost'
20-Oct-2015 01:50:47.279 INFO [http-apr-8080-exec-15] org.apache.catalina.core.ApplicationContext.log Manager: list: Listing contexts for virtual host 'localhost'
20-Oct-2015 01:50:47.326 INFO [http-apr-8080-exec-19] org.apache.catalina.core.ApplicationContext.log Manager: restart: Reloading web application '/WebHClinic'
20-Oct-2015 01:51:51.590 INFO [http-apr-8080-exec-12] org.apache.catalina.core.ApplicationContext.log Manager: list: Listing contexts for virtual host 'localhost'
20-Oct-2015 01:51:51.597 INFO [http-apr-8080-exec-20] org.apache.catalina.core.ApplicationContext.log Manager: list: Listing contexts for virtual host 'localhost'
20-Oct-2015 01:52:06.990 INFO [http-apr-8080-exec-21] org.apache.catalina.core.ApplicationContext.log Manager: list: Listing contexts for virtual host 'localhost'
20-Oct-2015 01:52:07.011 INFO [http-apr-8080-exec-22] org.apache.catalina.core.ApplicationContext.log Manager: restart: Reloading web application '/WebHClinic'
20-Oct-2015 01:53:18.984 INFO [http-apr-8080-exec-29] org.apache.catalina.core.ApplicationContext.log Manager: list: Listing contexts for virtual host 'localhost'
20-Oct-2015 01:53:19.004 INFO [http-apr-8080-exec-31] org.apache.catalina.core.ApplicationContext.log Manager: restart: Reloading web application '/WebHClinic'
